[0.010s] Invoking command in '/home/sear/ros2_ws/src/tutorial_interfaces/build/tutorial_interfaces': CMAKE_PREFIX_PATH=${CMAKE_PREFIX_PATH}:/home/sear/ros2_ws/install/sear:/opt/ros/humble /usr/bin/cmake /home/sear/ros2_ws/src/tutorial_interfaces -DCMAKE_INSTALL_PREFIX=/home/sear/ros2_ws/src/tutorial_interfaces/install/tutorial_interfaces
[0.051s] -- The C compiler identification is GNU 11.4.0
[0.094s] -- The CXX compiler identification is GNU 11.4.0
[0.099s] -- Detecting C compiler ABI info
[0.151s] -- Detecting C compiler ABI info - done
[0.158s] -- Check for working C compiler: /usr/bin/cc - skipped
[0.158s] -- Detecting C compile features
[0.159s] -- Detecting C compile features - done
[0.161s] -- Detecting CXX compiler ABI info
[0.220s] -- Detecting CXX compiler ABI info - done
[0.228s] -- Check for working CXX compiler: /usr/bin/c++ - skipped
[0.228s] -- Detecting CXX compile features
[0.228s] -- Detecting CXX compile features - done
[0.230s] -- Found ament_cmake: 1.3.5 (/opt/ros/humble/share/ament_cmake/cmake)
[0.372s] -- Found Python3: /usr/bin/python3.10 (found version "3.10.12") found components: Interpreter 
[0.443s] -- Found ament_lint_auto: 0.12.7 (/opt/ros/humble/share/ament_lint_auto/cmake)
[0.502s] -- Found geometry_msgs: 4.2.3 (/opt/ros/humble/share/geometry_msgs/cmake)
[0.531s] -- Found rosidl_generator_c: 3.1.5 (/opt/ros/humble/share/rosidl_generator_c/cmake)
[0.535s] -- Found rosidl_adapter: 3.1.5 (/opt/ros/humble/share/rosidl_adapter/cmake)
[0.542s] -- Found rosidl_generator_cpp: 3.1.5 (/opt/ros/humble/share/rosidl_generator_cpp/cmake)
[0.554s] -- Using all available rosidl_typesupport_c: rosidl_typesupport_fastrtps_c;rosidl_typesupport_introspection_c
[0.570s] -- Using all available rosidl_typesupport_cpp: rosidl_typesupport_fastrtps_cpp;rosidl_typesupport_introspection_cpp
[0.683s] -- Found rosidl_default_generators: 1.2.0 (/opt/ros/humble/share/rosidl_default_generators/cmake)
[0.824s] [31mCMake Error at /opt/ros/humble/share/rosidl_adapter/cmake/rosidl_adapt_interfaces.cmake:59 (message):
[0.824s]   execute_process(/usr/bin/python3.10 -m rosidl_adapter --package-name
[0.824s]   tutorial_interfaces --arguments-file
[0.824s]   /home/sear/ros2_ws/src/tutorial_interfaces/build/tutorial_interfaces/rosidl_adapter__arguments__tutorial_interfaces.json
[0.824s]   --output-dir
[0.824s]   /home/sear/ros2_ws/src/tutorial_interfaces/build/tutorial_interfaces/rosidl_adapter/tutorial_interfaces
[0.824s]   --output-file
[0.824s]   /home/sear/ros2_ws/src/tutorial_interfaces/build/tutorial_interfaces/rosidl_adapter/tutorial_interfaces.idls)
[0.825s]   returned error code 1:
[0.825s] 
[0.825s]   Traceback (most recent call last):
[0.825s] 
[0.825s]     File "/usr/lib/python3.10/runpy.py", line 196, in _run_module_as_main
[0.825s]       return _run_code(code, main_globals, None,
[0.825s]     File "/usr/lib/python3.10/runpy.py", line 86, in _run_code
[0.825s]       exec(code, run_globals)
[0.825s]     File "/opt/ros/humble/local/lib/python3.10/dist-packages/rosidl_adapter/__main__.py", line 19, in <module>
[0.825s]       sys.exit(main())
[0.825s]     File "/opt/ros/humble/local/lib/python3.10/dist-packages/rosidl_adapter/main.py", line 53, in main
[0.826s]       abs_idl_file = convert_to_idl(
[0.826s]     File "/opt/ros/humble/local/lib/python3.10/dist-packages/rosidl_adapter/__init__.py", line 19, in convert_to_idl
[0.826s]       return convert_msg_to_idl(
[0.826s]     File "/opt/ros/humble/local/lib/python3.10/dist-packages/rosidl_adapter/msg/__init__.py", line 28, in convert_msg_to_idl
[0.826s]       msg = parse_message_string(package_name, input_file.stem, content)
[0.826s]     File "/opt/ros/humble/local/lib/python3.10/dist-packages/rosidl_adapter/parser.py", line 544, in parse_message_string
[0.826s]       msg = MessageSpecification(pkg_name, msg_name, fields, constants)
[0.826s]     File "/opt/ros/humble/local/lib/python3.10/dist-packages/rosidl_adapter/parser.py", line 388, in __init__
[0.826s]       self.base_type = BaseType(
[0.826s]     File "/opt/ros/humble/local/lib/python3.10/dist-packages/rosidl_adapter/parser.py", line 205, in __init__
[0.826s]       raise InvalidResourceName(
[0.826s] 
[0.826s]   rosidl_adapter.parser.InvalidResourceName: 'full_name_message' is an
[0.827s]   invalid message name.  It should have the pattern '^[A-Z][A-Za-z0-9]*$'
[0.827s] 
[0.827s] Call Stack (most recent call first):
[0.827s]   /opt/ros/humble/share/rosidl_cmake/cmake/rosidl_generate_interfaces.cmake:130 (rosidl_adapt_interfaces)
[0.827s]   CMakeLists.txt:29 (rosidl_generate_interfaces)
[0.827s] 
[0.827s] [0m
[0.827s] -- Configuring incomplete, errors occurred!
[0.827s] See also "/home/sear/ros2_ws/src/tutorial_interfaces/build/tutorial_interfaces/CMakeFiles/CMakeOutput.log".
[0.831s] Invoked command in '/home/sear/ros2_ws/src/tutorial_interfaces/build/tutorial_interfaces' returned '1': CMAKE_PREFIX_PATH=${CMAKE_PREFIX_PATH}:/home/sear/ros2_ws/install/sear:/opt/ros/humble /usr/bin/cmake /home/sear/ros2_ws/src/tutorial_interfaces -DCMAKE_INSTALL_PREFIX=/home/sear/ros2_ws/src/tutorial_interfaces/install/tutorial_interfaces
